<?xml version="1.0" encoding="UTF-8"?>
<testsuite xmlns:xsi="http://www.w3.org/2001/XMLSchema-instance" xsi:noNamespaceSchemaLocation="https://maven.apache.org/surefire/maven-surefire-plugin/xsd/surefire-test-report.xsd" name="demo.AppTest" time="0.159" tests="4" errors="0" skipped="0" failures="0">
  <properties>
[...]
</properties>
  <testcase name="shouldAnswerWithTrue" classname="demo.AppTest" time="0.006"/>
  <testcase name="mostrarDebug" classname="demo.AppTest" time="0.092"/>
  <testcase name="mostrarWrning" classname="demo.AppTest" time="0.002"/>
  <testcase name="mostrarInfo" classname="demo.AppTest" time="0"/>
</testsuite>